Flutter crash report.
Please report a bug at https://github.com/flutter/flutter/issues.

## command

flutter pub get

## exception

FileSystemException: FileSystemException: Deletion failed, path = 'D:\Projetos\flutter\Nexo\toxicidade\.android' (OS Error: The process cannot access the file because it is being used by another process.
, errno = 32)

```
#0      _Directory._deleteSync (dart:io/directory_impl.dart:201:7)
#1      FileSystemEntity.deleteSync (dart:io/file_system_entity.dart:408:7)
#2      ForwardingFileSystemEntity.deleteSync (package:file/src/forwarding/forwarding_file_system_entity.dart:70:16)
#3      ErrorHandlingDirectory.deleteSync.<anonymous closure> (package:flutter_tools/src/base/error_handling_io.dart:486:22)
#4      _runSync (package:flutter_tools/src/base/error_handling_io.dart:597:14)
#5      ErrorHandlingDirectory.deleteSync (package:flutter_tools/src/base/error_handling_io.dart:485:12)
#6      ErrorHandlingFileSystem.deleteIfExists (package:flutter_tools/src/base/error_handling_io.dart:82:12)
#7      AndroidProject._regenerateLibrary (package:flutter_tools/src/project.dart:528:29)
#8      AndroidProject.ensureReadyForPlatformSpecificTooling (package:flutter_tools/src/project.dart:503:13)
#9      FlutterProject.ensureReadyForPlatformSpecificTooling (package:flutter_tools/src/project.dart:318:21)
<asynchronous suspension>
#10     PackagesGetCommand.runCommand (package:flutter_tools/src/commands/packages.dart:173:5)
<asynchronous suspension>
#11     FlutterCommand.run.<anonymous closure> (package:flutter_tools/src/runner/flutter_command.dart:1125:27)
<asynchronous suspension>
#12     AppContext.run.<anonymous closure> (package:flutter_tools/src/base/context.dart:150:19)
<asynchronous suspension>
#13     CommandRunner.runCommand (package:args/command_runner.dart:209:13)
<asynchronous suspension>
#14     FlutterCommandRunner.runCommand.<anonymous closure> (package:flutter_tools/src/runner/flutter_command_runner.dart:288:9)
<asynchronous suspension>
#15     AppContext.run.<anonymous closure> (package:flutter_tools/src/base/context.dart:150:19)
<asynchronous suspension>
#16     FlutterCommandRunner.runCommand (package:flutter_tools/src/runner/flutter_command_runner.dart:236:5)
<asynchronous suspension>
#17     run.<anonymous closure>.<anonymous closure> (package:flutter_tools/runner.dart:62:9)
<asynchronous suspension>
#18     AppContext.run.<anonymous closure> (package:flutter_tools/src/base/context.dart:150:19)
<asynchronous suspension>
#19     main (package:flutter_tools/executable.dart:92:3)
<asynchronous suspension>
```

## flutter doctor

```
[✓] Flutter (Channel stable, 2.5.3, on Microsoft Windows [Version 10.0.19043.1415], locale en-US)
    • Flutter version 2.5.3 at D:\Projetos\flutter\SDKs\flutter
    • Upstream repository https://github.com/flutter/flutter.git
    • Framework revision 18116933e7 (3 months ago), 2021-10-15 10:46:35 -0700
    • Engine revision d3ea636dc5
    • Dart version 2.14.4

[✓] Android toolchain - develop for Android devices (Android SDK version 29.0.2)
    • Android SDK at C:\Users\Inocenti\AppData\Local\Android\sdk
    • Platform android-31, build-tools 29.0.2
    • Java binary at: C:\Program Files\Android\Android Studio\jre\bin\java
    • Java version OpenJDK Runtime Environment (build 11.0.10+0-b96-7249189)
    • All Android licenses accepted.

[✓] Chrome - develop for the web
    • Chrome at C:\Program Files\Google\Chrome\Application\chrome.exe

[✓] Visual Studio - develop for Windows (Visual Studio Community 2022 17.0.2)
    • Visual Studio at C:\Program Files\Microsoft Visual Studio\2022\Community
    • Visual Studio Community 2022 version 17.0.31919.166
    • Windows 10 SDK version 10.0.19041.0

[✓] Android Studio (version 2020.3)
    • Android Studio at C:\Program Files\Android\Android Studio
    • Flutter plugin can be installed from:
      🔨 https://plugins.jetbrains.com/plugin/9212-flutter
    • Dart plugin can be installed from:
      🔨 https://plugins.jetbrains.com/plugin/6351-dart
    • Java version OpenJDK Runtime Environment (build 11.0.10+0-b96-7249189)

[✓] VS Code (version 1.63.2)
    • VS Code at C:\Users\Inocenti\AppData\Local\Programs\Microsoft VS Code
    • Flutter extension version 3.29.0

[✓] Connected device (4 available)
    • sdk gphone x86 (mobile) • emulator-5554 • android-x86    • Android 11 (API 30) (emulator)
    • Windows (desktop)       • windows       • windows-x64    • Microsoft Windows [Version 10.0.19043.1415]
    • Chrome (web)            • chrome        • web-javascript • Google Chrome 96.0.4664.110
    • Edge (web)              • edge          • web-javascript • Microsoft Edge 96.0.1054.57

• No issues found!
```
